<Event xmlns='http://schemas.microsoft.com/win/2004/08/events/event'><System><Provider Name='Microsoft-Windows-Security-Auditing' Guid='{54849625-5478-4994-A5BA-3E3B0328C30D}'/><EventID>4624</EventID><Version>0</Version><Level>0</Level><Task>12544</Task><Opcode>0</Opcode><Keywords>0x8020000000000000</Keywords><TimeCreated SystemTime='2016-08-18T07:23:44.486400000Z'/><EventRecordID>10809506</EventRecordID><Correlation/><Execution ProcessID='468' ThreadID='1100'/><Channel>Security</Channel><Computer>win-2k08-dc1.Eyalcorp.Javelin</Computer><Security/></System><EventData><Data Name='SubjectUserSid'>S-1-0-0</Data><Data Name='SubjectUserName'>-</Data><Data Name='SubjectDomainName'>-</Data><Data Name='SubjectLogonId'>0x0</Data><Data Name='TargetUserSid'>S-1-5-18</Data><Data Name='TargetUserName'>WIN-2K08-DC1$</Data><Data Name='TargetDomainName'>EYALCORP</Data><Data Name='TargetLogonId'>0x3624c887</Data><Data Name='LogonType'>3</Data><Data Name='LogonProcessName'>Kerberos</Data><Data Name='AuthenticationPackageName'>Kerberos</Data><Data Name='WorkstationName'></Data><Data Name='LogonGuid'>{5C53FD0B-E2D4-A446-73D9-4B5F6862CC0F}</Data><Data Name='TransmittedServices'>-</Data><Data Name='LmPackageName'>-</Data><Data Name='KeyLength'>0</Data><Data Name='ProcessId'>0x0</Data><Data Name='ProcessName'>-</Data><Data Name='IpAddress'>172.16.5.28</Data><Data Name='IpPort'>51378</Data></EventData></Event><Event xmlns='http://schemas.microsoft.com/win/2004/08/events/event'><System><Provider Name='Microsoft-Windows-Security-Auditing' Guid='{54849625-5478-4994-A5BA-3E3B0328C30D}'/><EventID>4672</EventID><Version>0</Version><Level>0</Level><Task>12548</Task><Opcode>0</Opcode><Keywords>0x8020000000000000</Keywords><TimeCreated SystemTime='2016-08-18T07:23:44.486400000Z'/><EventRecordID>10809505</EventRecordID><Correlation/><Execution ProcessID='468' ThreadID='1100'/><Channel>Security</Channel><Computer>win-2k08-dc1.Eyalcorp.Javelin</Computer><Security/></System><EventData><Data Name='SubjectUserSid'>S-1-5-18</Data><Data Name='SubjectUserName'>WIN-2K08-DC1$</Data><Data Name='SubjectDomainName'>EYALCORP</Data><Data Name='SubjectLogonId'>0x3624c887</Data><Data Name='PrivilegeList'>SeSecurityPrivilege
			SeBackupPrivilege
			SeRestorePrivilege
			SeTakeOwnershipPrivilege
			SeDebugPrivilege
			SeSystemEnvironmentPrivilege
			SeLoadDriverPrivilege
			SeImpersonatePrivilege
			SeEnableDelegationPrivilege</Data></EventData></Event><Event xmlns='http://schemas.microsoft.com/win/2004/08/events/event'><System><Provider Name='Microsoft-Windows-Security-Auditing' Guid='{54849625-5478-4994-A5BA-3E3B0328C30D}'/><EventID>4624</EventID><Version>0</Version><Level>0</Level><Task>12544</Task><Opcode>0</Opcode><Keywords>0x8020000000000000</Keywords><TimeCreated SystemTime='2016-08-18T07:23:44.486400000Z'/><EventRecordID>10809504</EventRecordID><Correlation/><Execution ProcessID='468' ThreadID='2388'/><Channel>Security</Channel><Computer>win-2k08-dc1.Eyalcorp.Javelin</Computer><Security/></System><EventData><Data Name='SubjectUserSid'>S-1-0-0</Data><Data Name='SubjectUserName'>-</Data><Data Name='SubjectDomainName'>-</Data><Data Name='SubjectLogonId'>0x0</Data><Data Name='TargetUserSid'>S-1-5-18</Data><Data Name='TargetUserName'>WIN-2K08-DC1$</Data><Data Name='TargetDomainName'>EYALCORP</Data><Data Name='TargetLogonId'>0x3624c845</Data><Data Name='LogonType'>3</Data><Data Name='LogonProcessName'>Kerberos</Data><Data Name='AuthenticationPackageName'>Kerberos</Data><Data Name='WorkstationName'></Data><Data Name='LogonGuid'>{B8BF0A16-AED4-9EC0-9530-8C7230B61B61}</Data><Data Name='TransmittedServices'>-</Data><Data Name='LmPackageName'>-</Data><Data Name='KeyLength'>0</Data><Data Name='ProcessId'>0x0</Data><Data Name='ProcessName'>-</Data><Data Name='IpAddress'>::1</Data><Data Name='IpPort'>0</Data></EventData></Event><Event xmlns='http://schemas.microsoft.com/win/2004/08/events/event'><System><Provider Name='Microsoft-Windows-Security-Auditing' Guid='{54849625-5478-4994-A5BA-3E3B0328C30D}'/><EventID>4672</EventID><Version>0</Version><Level>0</Level><Task>12548</Task><Opcode>0</Opcode><Keywords>0x8020000000000000</Keywords><TimeCreated SystemTime='2016-08-18T07:23:44.486400000Z'/><EventRecordID>10809503</EventRecordID><Correlation/><Execution ProcessID='468' ThreadID='2388'/><Channel>Security</Channel><Computer>win-2k08-dc1.Eyalcorp.Javelin</Computer><Security/></System><EventData><Data Name='SubjectUserSid'>S-1-5-18</Data><Data Name='SubjectUserName'>WIN-2K08-DC1$</Data><Data Name='SubjectDomainName'>EYALCORP</Data><Data Name='SubjectLogonId'>0x3624c845</Data><Data Name='PrivilegeList'>SeSecurityPrivilege
			SeBackupPrivilege
			SeRestorePrivilege
			SeTakeOwnershipPrivilege
			SeDebugPrivilege
			SeSystemEnvironmentPrivilege
			SeLoadDriverPrivilege
			SeImpersonatePrivilege
			SeEnableDelegationPrivilege</Data></EventData></Event><Event xmlns='http://schemas.microsoft.com/win/2004/08/events/event'><System><Provider Name='Microsoft-Windows-Security-Auditing' Guid='{54849625-5478-4994-A5BA-3E3B0328C30D}'/><EventID>4624</EventID><Version>0</Version><Level>0</Level><Task>12544</Task><Opcode>0</Opcode><Keywords>0x8020000000000000</Keywords><TimeCreated SystemTime='2016-08-18T07:23:44.470800000Z'/><EventRecordID>10809502</EventRecordID><Correlation/><Execution ProcessID='468' ThreadID='1100'/><Channel>Security</Channel><Computer>win-2k08-dc1.Eyalcorp.Javelin</Computer><Security/></System><EventData><Data Name='SubjectUserSid'>S-1-0-0</Data><Data Name='SubjectUserName'>-</Data><Data Name='SubjectDomainName'>-</Data><Data Name='SubjectLogonId'>0x0</Data><Data Name='TargetUserSid'>S-1-5-18</Data><Data Name='TargetUserName'>WIN-2K08-DC1$</Data><Data Name='TargetDomainName'>EYALCORP</Data><Data Name='TargetLogonId'>0x3624c78b</Data><Data Name='LogonType'>3</Data><Data Name='LogonProcessName'>Kerberos</Data><Data Name='AuthenticationPackageName'>Kerberos</Data><Data Name='WorkstationName'></Data><Data Name='LogonGuid'>{B8BF0A16-AED4-9EC0-9530-8C7230B61B61}</Data><Data Name='TransmittedServices'>-</Data><Data Name='LmPackageName'>-</Data><Data Name='KeyLength'>0</Data><Data Name='ProcessId'>0x0</Data><Data Name='ProcessName'>-</Data><Data Name='IpAddress'>fe80::74b4:6e72:5401:30d</Data><Data Name='IpPort'>51377</Data></EventData></Event><Event xmlns='http://schemas.microsoft.com/win/2004/08/events/event'><System><Provider Name='Microsoft-Windows-Security-Auditing' Guid='{54849625-5478-4994-A5BA-3E3B0328C30D}'/><EventID>4672</EventID><Version>0</Version><Level>0</Level><Task>12548</Task><Opcode>0</Opcode><Keywords>0x8020000000000000</Keywords><TimeCreated SystemTime='2016-08-18T07:23:44.470800000Z'/><EventRecordID>10809501</EventRecordID><Correlation/><Execution ProcessID='468' ThreadID='1100'/><Channel>Security</Channel><Computer>win-2k08-dc1.Eyalcorp.Javelin</Computer><Security/></System><EventData><Data Name='SubjectUserSid'>S-1-5-18</Data><Data Name='SubjectUserName'>WIN-2K08-DC1$</Data><Data Name='SubjectDomainName'>EYALCORP</Data><Data Name='SubjectLogonId'>0x3624c78b</Data><Data Name='PrivilegeList'>SeSecurityPrivilege
			SeBackupPrivilege
			SeRestorePrivilege
			SeTakeOwnershipPrivilege
			SeDebugPrivilege
			SeSystemEnvironmentPrivilege
			SeLoadDriverPrivilege
			SeImpersonatePrivilege
			SeEnableDelegationPrivilege</Data></EventData></Event><Event xmlns='http://schemas.microsoft.com/win/2004/08/events/event'><System><Provider Name='Microsoft-Windows-Security-Auditing' Guid='{54849625-5478-4994-A5BA-3E3B0328C30D}'/><EventID>4634</EventID><Version>0</Version><Level>0</Level><Task>12545</Task><Opcode>0</Opcode><Keywords>0x8020000000000000</Keywords><TimeCreated SystemTime='2016-08-18T07:23:40.430400000Z'/><EventRecordID>10809500</EventRecordID><Correlation/><Execution ProcessID='468' ThreadID='3804'/><Channel>Security</Channel><Computer>win-2k08-dc1.Eyalcorp.Javelin</Computer><Security/></System><EventData><Data Name='TargetUserSid'>S-1-5-21-1027816549-778563045-2840999679-1117</Data><Data Name='TargetUserName'>WIN-2K12-DC1$</Data><Data Name='TargetDomainName'>EYALCORP</Data><Data Name='TargetLogonId'>0x362388e8</Data><Data Name='LogonType'>3</Data></EventData></Event><Event xmlns='http://schemas.microsoft.com/win/2004/08/events/event'><System><Provider Name='Microsoft-Windows-Security-Auditing' Guid='{54849625-5478-4994-A5BA-3E3B0328C30D}'/><EventID>4624</EventID><Version>0</Version><Level>0</Level><Task>12544</Task><Opcode>0</Opcode><Keywords>0x8020000000000000</Keywords><TimeCreated SystemTime='2016-08-18T07:23:31.288800000Z'/><EventRecordID>10809499</EventRecordID><Correlation/><Execution ProcessID='468' ThreadID='3864'/><Channel>Security</Channel><Computer>win-2k08-dc1.Eyalcorp.Javelin</Computer><Security/></System><EventData><Data Name='SubjectUserSid'>S-1-0-0</Data><Data Name='SubjectUserName'>-</Data><Data Name='SubjectDomainName'>-</Data><Data Name='SubjectLogonId'>0x0</Data><Data Name='TargetUserSid'>S-1-5-21-1027816549-778563045-2840999679-1117</Data><Data Name='TargetUserName'>WIN-2K12-DC1$</Data><Data Name='TargetDomainName'>EYALCORP</Data><Data Name='TargetLogonId'>0x3624c297</Data><Data Name='LogonType'>3</Data><Data Name='LogonProcessName'>Kerberos</Data><Data Name='AuthenticationPackageName'>Kerberos</Data><Data Name='WorkstationName'></Data><Data Name='LogonGuid'>{E5ECDB38-8681-4BE2-24FF-9CECB743BE1C}</Data><Data Name='TransmittedServices'>-</Data><Data Name='LmPackageName'>-</Data><Data Name='KeyLength'>0</Data><Data Name='ProcessId'>0x0</Data><Data Name='ProcessName'>-</Data><Data Name='IpAddress'>172.16.5.72</Data><Data Name='IpPort'>61940</Data></EventData></Event><Event xmlns='http://schemas.microsoft.com/win/2004/08/events/event'><System><Provider Name='Microsoft-Windows-Security-Auditing' Guid='{54849625-5478-4994-A5BA-3E3B0328C30D}'/><EventID>4634</EventID><Version>0</Version><Level>0</Level><Task>12545</Task><Opcode>0</Opcode><Keywords>0x8020000000000000</Keywords><TimeCreated SystemTime='2016-08-18T07:23:29.931600000Z'/><EventRecordID>10809498</EventRecordID><Correlation/><Execution ProcessID='468' ThreadID='3864'/><Channel>Security</Channel><Computer>win-2k08-dc1.Eyalcorp.Javelin</Computer><Security/></System><EventData><Data Name='TargetUserSid'>S-1-5-18</Data><Data Name='TargetUserName'>WIN-2K08-DC1$</Data><Data Name='TargetDomainName'>EYALCORP</Data><Data Name='TargetLogonId'>0x3624c260</Data><Data Name='LogonType'>3</Data></EventData></Event><Event xmlns='http://schemas.microsoft.com/win/2004/08/events/event'><System><Provider Name='Microsoft-Windows-Security-Auditing' Guid='{54849625-5478-4994-A5BA-3E3B0328C30D}'/><EventID>4624</EventID><Version>0</Version><Level>0</Level><Task>12544</Task><Opcode>0</Opcode><Keywords>0x8020000000000000</Keywords><TimeCreated SystemTime='2016-08-18T07:23:29.931600000Z'/><EventRecordID>10809497</EventRecordID><Correlation/><Execution ProcessID='468' ThreadID='2560'/><Channel>Security</Channel><Computer>win-2k08-dc1.Eyalcorp.Javelin</Computer><Security/></System><EventData><Data Name='SubjectUserSid'>S-1-0-0</Data><Data Name='SubjectUserName'>-</Data><Data Name='SubjectDomainName'>-</Data><Data Name='SubjectLogonId'>0x0</Data><Data Name='TargetUserSid'>S-1-5-18</Data><Data Name='TargetUserName'>WIN-2K08-DC1$</Data><Data Name='TargetDomainName'>EYALCORP</Data><Data Name='TargetLogonId'>0x3624c260</Data><Data Name='LogonType'>3</Data><Data Name='LogonProcessName'>Kerberos</Data><Data Name='AuthenticationPackageName'>Kerberos</Data><Data Name='WorkstationName'></Data><Data Name='LogonGuid'>{51DB191B-D400-AB8E-6D3C-975E4EB40ACB}</Data><Data Name='TransmittedServices'>-</Data><Data Name='LmPackageName'>-</Data><Data Name='KeyLength'>0</Data><Data Name='ProcessId'>0x0</Data><Data Name='ProcessName'>-</Data><Data Name='IpAddress'>::1</Data><Data Name='IpPort'>51373</Data></EventData></Event><Event xmlns='http://schemas.microsoft.com/win/2004/08/events/event'><System><Provider Name='Microsoft-Windows-Security-Auditing' Guid='{54849625-5478-4994-A5BA-3E3B0328C30D}'/><EventID>4672</EventID><Version>0</Version><Level>0</Level><Task>12548</Task><Opcode>0</Opcode><Keywords>0x8020000000000000</Keywords><TimeCreated SystemTime='2016-08-18T07:23:29.931600000Z'/><EventRecordID>10809496</EventRecordID><Correlation/><Execution ProcessID='468' ThreadID='2560'/><Channel>Security</Channel><Computer>win-2k08-dc1.Eyalcorp.Javelin</Computer><Security/></System><EventData><Data Name='SubjectUserSid'>S-1-5-18</Data><Data Name='SubjectUserName'>WIN-2K08-DC1$</Data><Data Name='SubjectDomainName'>EYALCORP</Data><Data Name='SubjectLogonId'>0x3624c260</Data><Data Name='PrivilegeList'>SeSecurityPrivilege
			SeBackupPrivilege
			SeRestorePrivilege
			SeTakeOwnershipPrivilege
			SeDebugPrivilege
			SeSystemEnvironmentPrivilege
			SeLoadDriverPrivilege
			SeImpersonatePrivilege
			SeEnableDelegationPrivilege</Data></EventData></Event><Event xmlns='http://schemas.microsoft.com/win/2004/08/events/event'><System><Provider Name='Microsoft-Windows-Security-Auditing' Guid='{54849625-5478-4994-A5BA-3E3B0328C30D}'/><EventID>4634</EventID><Version>0</Version><Level>0</Level><Task>12545</Task><Opcode>0</Opcode><Keywords>0x8020000000000000</Keywords><TimeCreated SystemTime='2016-08-18T07:23:28.824000000Z'/><EventRecordID>10809495</EventRecordID><Correlation/><Execution ProcessID='468' ThreadID='3864'/><Channel>Security</Channel><Computer>win-2k08-dc1.Eyalcorp.Javelin</Computer><Security/></System><EventData><Data Name='TargetUserSid'>S-1-5-21-1027816549-778563045-2840999679-1601</Data><Data Name='TargetUserName'>WIN-2K12-DC2$</Data><Data Name='TargetDomainName'>EYALCORP</Data><Data Name='TargetLogonId'>0x36077768</Data><Data Name='LogonType'>3</Data></EventData></Event><Event xmlns='http://schemas.microsoft.com/win/2004/08/events/event'><System><Provider Name='Microsoft-Windows-Eventlog' Guid='{fc65ddd8-d6ef-4962-83d5-6e5cfe9ce148}'/><EventID>1102</EventID><Version>0</Version><Level>4</Level><Task>104</Task><Opcode>0</Opcode><Keywords>0x4020000000000000</Keywords><TimeCreated SystemTime='2016-08-18T07:23:28.543200000Z'/><EventRecordID>10809494</EventRecordID><Correlation/><Execution ProcessID='812' ThreadID='3628'/><Channel>Security</Channel><Computer>win-2k08-dc1.Eyalcorp.Javelin</Computer><Security/></System><UserData><LogFileCleared xmlns:auto-ns3='http://schemas.microsoft.com/win/2004/08/events' xmlns='http://manifests.microsoft.com/win/2004/08/windows/eventlog'><SubjectUserSid>S-1-5-21-1027816549-778563045-2840999679-1103</SubjectUserSid><SubjectUserName>eyalnem</SubjectUserName><SubjectDomainName>EYALCORP</SubjectDomainName><SubjectLogonId>0x43b15</SubjectLogonId></LogFileCleared></UserData></Event></Events>