<?xml version="1.0" encoding="utf-8" standalone="yes"?>
<Events><Event xmlns='http://schemas.microsoft.com/win/2004/08/events/event'><System><Provider Name='Microsoft-Windows-Security-Auditing' Guid='{54849625-5478-4994-A5BA-3E3B0328C30D}'/><EventID>4624</EventID><Version>0</Version><Level>0</Level><Task>12544</Task><Opcode>0</Opcode><Keywords>0x8020000000000000</Keywords><TimeCreated SystemTime='2016-08-18T07:25:21.144000000Z'/><EventRecordID>10809551</EventRecordID><Correlation/><Execution ProcessID='468' ThreadID='2388'/><Channel>Security</Channel><Computer>win-2k08-dc1.Eyalcorp.Javelin</Computer><Security/></System><EventData><Data Name='SubjectUserSid'>S-1-0-0</Data><Data Name='SubjectUserName'>-</Data><Data Name='SubjectDomainName'>-</Data><Data Name='SubjectLogonId'>0x0</Data><Data Name='TargetUserSid'>S-1-5-18</Data><Data Name='TargetUserName'>WIN-2K08-DC1$</Data><Data Name='TargetDomainName'>EYALCORP</Data><Data Name='TargetLogonId'>0x3625b8c7</Data><Data Name='LogonType'>3</Data><Data Name='LogonProcessName'>Kerberos</Data><Data Name='AuthenticationPackageName'>Kerberos</Data><Data Name='WorkstationName'></Data><Data Name='LogonGuid'>{00A3C4A5-95F6-95A3-E29A-0B7E6826F645}</Data><Data Name='TransmittedServices'>-</Data><Data Name='LmPackageName'>-</Data><Data Name='KeyLength'>0</Data><Data Name='ProcessId'>0x0</Data><Data Name='ProcessName'>-</Data><Data Name='IpAddress'>fe80::74b4:6e72:5401:30d</Data><Data Name='IpPort'>51388</Data></EventData></Event><Event xmlns='http://schemas.microsoft.com/win/2004/08/events/event'><System><Provider Name='Microsoft-Windows-Security-Auditing' Guid='{54849625-5478-4994-A5BA-3E3B0328C30D}'/><EventID>4672</EventID><Version>0</Version><Level>0</Level><Task>12548</Task><Opcode>0</Opcode><Keywords>0x8020000000000000</Keywords><TimeCreated SystemTime='2016-08-18T07:25:21.144000000Z'/><EventRecordID>10809550</EventRecordID><Correlation/><Execution ProcessID='468' ThreadID='2388'/><Channel>Security</Channel><Computer>win-2k08-dc1.Eyalcorp.Javelin</Computer><Security/></System><EventData><Data Name='SubjectUserSid'>S-1-5-18</Data><Data Name='SubjectUserName'>WIN-2K08-DC1$</Data><Data Name='SubjectDomainName'>EYALCORP</Data><Data Name='SubjectLogonId'>0x3625b8c7</Data><Data Name='PrivilegeList'>SeSecurityPrivilege
			SeBackupPrivilege
			SeRestorePrivilege
			SeTakeOwnershipPrivilege
			SeDebugPrivilege
			SeSystemEnvironmentPrivilege
			SeLoadDriverPrivilege
			SeImpersonatePrivilege
			SeEnableDelegationPrivilege</Data></EventData></Event><Event xmlns='http://schemas.microsoft.com/win/2004/08/events/event'><System><Provider Name='Microsoft-Windows-Security-Auditing' Guid='{54849625-5478-4994-A5BA-3E3B0328C30D}'/><EventID>4776</EventID><Version>0</Version><Level>0</Level><Task>14336</Task><Opcode>0</Opcode><Keywords>0x8010000000000000</Keywords><TimeCreated SystemTime='2016-08-18T07:24:47.744400000Z'/><EventRecordID>10809549</EventRecordID><Correlation/><Execution ProcessID='468' ThreadID='2388'/><Channel>Security</Channel><Computer>win-2k08-dc1.Eyalcorp.Javelin</Computer><Security/></System><EventData><Data Name='PackageName'>MICROSOFT_AUTHENTICATION_PACKAGE_V1_0</Data><Data Name='TargetUserName'>WIN-10-32B$</Data><Data Name='Workstation'>WIN-10-32B</Data><Data Name='Status'>0xc000006a</Data></EventData></Event><Event xmlns='http://schemas.microsoft.com/win/2004/08/events/event'><System><Provider Name='Microsoft-Windows-Security-Auditing' Guid='{54849625-5478-4994-A5BA-3E3B0328C30D}'/><EventID>4771</EventID><Version>0</Version><Level>0</Level><Task>14339</Task><Opcode>0</Opcode><Keywords>0x8010000000000000</Keywords><TimeCreated SystemTime='2016-08-18T07:24:47.682000000Z'/><EventRecordID>10809548</EventRecordID><Correlation/><Execution ProcessID='468' ThreadID='2560'/><Channel>Security</Channel><Computer>win-2k08-dc1.Eyalcorp.Javelin</Computer><Security/></System><EventData><Data Name='TargetUserName'>WIN-10-32B$</Data><Data Name='TargetSid'>S-1-5-21-1027816549-778563045-2840999679-1116</Data><Data Name='ServiceName'>krbtgt/Eyalcorp.Javelin</Data><Data Name='TicketOptions'>0x40810010</Data><Data Name='Status'>0x18</Data><Data Name='PreAuthType'>2</Data><Data Name='IpAddress'>::ffff:172.16.6.33</Data><Data Name='IpPort'>49982</Data><Data Name='CertIssuerName'></Data><Data Name='CertSerialNumber'></Data><Data Name='CertThumbprint'></Data></EventData></Event><Event xmlns='http://schemas.microsoft.com/win/2004/08/events/event'><System><Provider Name='Microsoft-Windows-Security-Auditing' Guid='{54849625-5478-4994-A5BA-3E3B0328C30D}'/><EventID>4634</EventID><Version>0</Version><Level>0</Level><Task>12545</Task><Opcode>0</Opcode><Keywords>0x8020000000000000</Keywords><TimeCreated SystemTime='2016-08-18T07:24:29.944800000Z'/><EventRecordID>10809547</EventRecordID><Correlation/><Execution ProcessID='468' ThreadID='3804'/><Channel>Security</Channel><Computer>win-2k08-dc1.Eyalcorp.Javelin</Computer><Security/></System><EventData><Data Name='TargetUserSid'>S-1-5-18</Data><Data Name='TargetUserName'>WIN-2K08-DC1$</Data><Data Name='TargetDomainName'>EYALCORP</Data><Data Name='TargetLogonId'>0x3625aeef</Data><Data Name='LogonType'>3</Data></EventData></Event><Event xmlns='http://schemas.microsoft.com/win/2004/08/events/event'><System><Provider Name='Microsoft-Windows-Security-Auditing' Guid='{54849625-5478-4994-A5BA-3E3B0328C30D}'/><EventID>4624</EventID><Version>0</Version><Level>0</Level><Task>12544</Task><Opcode>0</Opcode><Keywords>0x8020000000000000</Keywords><TimeCreated SystemTime='2016-08-18T07:24:29.944800000Z'/><EventRecordID>10809546</EventRecordID><Correlation/><Execution ProcessID='468' ThreadID='2560'/><Channel>Security</Channel><Computer>win-2k08-dc1.Eyalcorp.Javelin</Computer><Security/></System><EventData><Data Name='SubjectUserSid'>S-1-0-0</Data><Data Name='SubjectUserName'>-</Data><Data Name='SubjectDomainName'>-</Data><Data Name='SubjectLogonId'>0x0</Data><Data Name='TargetUserSid'>S-1-5-18</Data><Data Name='TargetUserName'>WIN-2K08-DC1$</Data><Data Name='TargetDomainName'>EYALCORP</Data><Data Name='TargetLogonId'>0x3625aeef</Data><Data Name='LogonType'>3</Data><Data Name='LogonProcessName'>Kerberos</Data><Data Name='AuthenticationPackageName'>Kerberos</Data><Data Name='WorkstationName'></Data><Data Name='LogonGuid'>{51DB191B-D400-AB8E-6D3C-975E4EB40ACB}</Data><Data Name='TransmittedServices'>-</Data><Data Name='LmPackageName'>-</Data><Data Name='KeyLength'>0</Data><Data Name='ProcessId'>0x0</Data><Data Name='ProcessName'>-</Data><Data Name='IpAddress'>::1</Data><Data Name='IpPort'>51386</Data></EventData></Event><Event xmlns='http://schemas.microsoft.com/win/2004/08/events/event'><System><Provider Name='Microsoft-Windows-Security-Auditing' Guid='{54849625-5478-4994-A5BA-3E3B0328C30D}'/><EventID>4672</EventID><Version>0</Version><Level>0</Level><Task>12548</Task><Opcode>0</Opcode><Keywords>0x8020000000000000</Keywords><TimeCreated SystemTime='2016-08-18T07:24:29.944800000Z'/><EventRecordID>10809545</EventRecordID><Correlation/><Execution ProcessID='468' ThreadID='2560'/><Channel>Security</Channel><Computer>win-2k08-dc1.Eyalcorp.Javelin</Computer><Security/></System><EventData><Data Name='SubjectUserSid'>S-1-5-18</Data><Data Name='SubjectUserName'>WIN-2K08-DC1$</Data><Data Name='SubjectDomainName'>EYALCORP</Data><Data Name='SubjectLogonId'>0x3625aeef</Data><Data Name='PrivilegeList'>SeSecurityPrivilege
			SeBackupPrivilege
			SeRestorePrivilege
			SeTakeOwnershipPrivilege
			SeDebugPrivilege
			SeSystemEnvironmentPrivilege
			SeLoadDriverPrivilege
			SeImpersonatePrivilege
			SeEnableDelegationPrivilege</Data></EventData></Event><Event xmlns='http://schemas.microsoft.com/win/2004/08/events/event'><System><Provider Name='Microsoft-Windows-Security-Auditing' Guid='{54849625-5478-4994-A5BA-3E3B0328C30D}'/><EventID>4634</EventID><Version>0</Version><Level>0</Level><Task>12545</Task><Opcode>0</Opcode><Keywords>0x8020000000000000</Keywords><TimeCreated SystemTime='2016-08-18T07:24:08.229600000Z'/><EventRecordID>10809544</EventRecordID><Correlation/><Execution ProcessID='468' ThreadID='2388'/><Channel>Security</Channel><Computer>win-2k08-dc1.Eyalcorp.Javelin</Computer><Security/></System><EventData><Data Name='TargetUserSid'>S-1-5-21-1027816549-778563045-2840999679-1111</Data><Data Name='TargetUserName'>WIN-7-32B$</Data><Data Name='TargetDomainName'>EYALCORP</Data><Data Name='TargetLogonId'>0x36256b8c</Data><Data Name='LogonType'>3</Data></EventData></Event><Event xmlns='http://schemas.microsoft.com/win/2004/08/events/event'><System><Provider Name='Microsoft-Windows-Security-Auditing' Guid='{54849625-5478-4994-A5BA-3E3B0328C30D}'/><EventID>4634</EventID><Version>0</Version><Level>0</Level><Task>12545</Task><Opcode>0</Opcode><Keywords>0x8020000000000000</Keywords><TimeCreated SystemTime='2016-08-18T07:24:08.229600000Z'/><EventRecordID>10809543</EventRecordID><Correlation/><Execution ProcessID='468' ThreadID='3864'/><Channel>Security</Channel><Computer>win-2k08-dc1.Eyalcorp.Javelin</Computer><Security/></System><EventData><Data Name='TargetUserSid'>S-1-5-7</Data><Data Name='TargetUserName'>ANONYMOUS LOGON</Data><Data Name='TargetDomainName'>NT AUTHORITY</Data><Data Name='TargetLogonId'>0x36256b7a</Data><Data Name='LogonType'>3</Data></EventData></Event><Event xmlns='http://schemas.microsoft.com/win/2004/08/events/event'><System><Provider Name='Microsoft-Windows-Security-Auditing' Guid='{54849625-5478-4994-A5BA-3E3B0328C30D}'/><EventID>4634</EventID><Version>0</Version><Level>0</Level><Task>12545</Task><Opcode>0</Opcode><Keywords>0x8020000000000000</Keywords><TimeCreated SystemTime='2016-08-18T07:24:08.229600000Z'/><EventRecordID>10809542</EventRecordID><Correlation/><Execution ProcessID='468' ThreadID='3864'/><Channel>Security</Channel><Computer>win-2k08-dc1.Eyalcorp.Javelin</Computer><Security/></System><EventData><Data Name='TargetUserSid'>S-1-5-7</Data><Data Name='TargetUserName'>ANONYMOUS LOGON</Data><Data Name='TargetDomainName'>NT AUTHORITY</Data><Data Name='TargetLogonId'>0x36256b6d</Data><Data Name='LogonType'>3</Data></EventData></Event><Event xmlns='http://schemas.microsoft.com/win/2004/08/events/event'><System><Provider Name='Microsoft-Windows-Security-Auditing' Guid='{54849625-5478-4994-A5BA-3E3B0328C30D}'/><EventID>4634</EventID><Version>0</Version><Level>0</Level><Task>12545</Task><Opcode>0</Opcode><Keywords>0x8020000000000000</Keywords><TimeCreated SystemTime='2016-08-18T07:24:05.000400000Z'/><EventRecordID>10809541</EventRecordID><Correlation/><Execution ProcessID='468' ThreadID='2388'/><Channel>Security</Channel><Computer>win-2k08-dc1.Eyalcorp.Javelin</Computer><Security/></System><EventData><Data Name='TargetUserSid'>S-1-5-21-1027816549-778563045-2840999679-1117</Data><Data Name='TargetUserName'>WIN-2K12-DC1$</Data><Data Name='TargetDomainName'>EYALCORP</Data><Data Name='TargetLogonId'>0x3624c297</Data><Data Name='LogonType'>3</Data></EventData></Event><Event xmlns='http://schemas.microsoft.com/win/2004/08/events/event'><System><Provider Name='Microsoft-Windows-Security-Auditing' Guid='{54849625-5478-4994-A5BA-3E3B0328C30D}'/><EventID>4634</EventID><Version>0</Version><Level>0</Level><Task>12545</Task><Opcode>0</Opcode><Keywords>0x8020000000000000</Keywords><TimeCreated SystemTime='2016-08-18T07:24:02.878800000Z'/><EventRecordID>10809540</EventRecordID><Correlation/><Execution ProcessID='468' ThreadID='3804'/><Channel>Security</Channel><Computer>win-2k08-dc1.Eyalcorp.Javelin</Computer><Security/></System><EventData><Data Name='TargetUserSid'>S-1-5-18</Data><Data Name='TargetUserName'>WIN-2K08-DC1$</Data><Data Name='TargetDomainName'>EYALCORP</Data><Data Name='TargetLogonId'>0x3624c8af</Data><Data Name='LogonType'>3</Data></EventData></Event><Event xmlns='http://schemas.microsoft.com/win/2004/08/events/event'><System><Provider Name='Microsoft-Windows-Security-Auditing' Guid='{54849625-5478-4994-A5BA-3E3B0328C30D}'/><EventID>4624</EventID><Version>0</Version><Level>0</Level><Task>12544</Task><Opcode>0</Opcode><Keywords>0x8020000000000000</Keywords><TimeCreated SystemTime='2016-08-18T07:24:02.582400000Z'/><EventRecordID>10809539</EventRecordID><Correlation/><Execution ProcessID='468' ThreadID='3804'/><Channel>Security</Channel><Computer>win-2k08-dc1.Eyalcorp.Javelin</Computer><Security/></System><EventData><Data Name='SubjectUserSid'>S-1-0-0</Data><Data Name='SubjectUserName'>-</Data><Data Name='SubjectDomainName'>-</Data><Data Name='SubjectLogonId'>0x0</Data><Data Name='TargetUserSid'>S-1-5-21-1027816549-778563045-2840999679-1117</Data><Data Name='TargetUserName'>WIN-2K12-DC1$</Data><Data Name='TargetDomainName'>EYALCORP</Data><Data Name='TargetLogonId'>0x36259856</Data><Data Name='LogonType'>3</Data><Data Name='LogonProcessName'>Kerberos</Data><Data Name='AuthenticationPackageName'>Kerberos</Data><Data Name='WorkstationName'></Data><Data Name='LogonGuid'>{E5ECDB38-8681-4BE2-24FF-9CECB743BE1C}</Data><Data Name='TransmittedServices'>-</Data><Data Name='LmPackageName'>-</Data><Data Name='KeyLength'>0</Data><Data Name='ProcessId'>0x0</Data><Data Name='ProcessName'>-</Data><Data Name='IpAddress'>172.16.5.72</Data><Data Name='IpPort'>61942</Data></EventData></Event><Event xmlns='http://schemas.microsoft.com/win/2004/08/events/event'><System><Provider Name='Microsoft-Windows-Security-Auditing' Guid='{54849625-5478-4994-A5BA-3E3B0328C30D}'/><EventID>4624</EventID><Version>0</Version><Level>0</Level><Task>12544</Task><Opcode>0</Opcode><Keywords>0x8020000000000000</Keywords><TimeCreated SystemTime='2016-08-18T07:23:55.780800000Z'/><EventRecordID>10809538</EventRecordID><Correlation/><Execution ProcessID='468' ThreadID='3804'/><Channel>Security</Channel><Computer>win-2k08-dc1.Eyalcorp.Javelin</Computer><Security/></System><EventData><Data Name='SubjectUserSid'>S-1-0-0</Data><Data Name='SubjectUserName'>-</Data><Data Name='SubjectDomainName'>-</Data><Data Name='SubjectLogonId'>0x0</Data><Data Name='TargetUserSid'>S-1-5-21-1027816549-778563045-2840999679-1111</Data><Data Name='TargetUserName'>WIN-7-32B$</Data><Data Name='TargetDomainName'>EYALCORP</Data><Data Name='TargetLogonId'>0x36256b8c</Data><Data Name='LogonType'>3</Data><Data Name='LogonProcessName'>Kerberos</Data><Data Name='AuthenticationPackageName'>Kerberos</Data><Data Name='WorkstationName'></Data><Data Name='LogonGuid'>{A6D76750-6737-8125-15BB-4946C22AC2C7}</Data><Data Name='TransmittedServices'>-</Data><Data Name='LmPackageName'>-</Data><Data Name='KeyLength'>0</Data><Data Name='ProcessId'>0x0</Data><Data Name='ProcessName'>-</Data><Data Name='IpAddress'>172.16.6.32</Data><Data Name='IpPort'>61128</Data></EventData></Event><Event xmlns='http://schemas.microsoft.com/win/2004/08/events/event'><System><Provider Name='Microsoft-Windows-Security-Auditing' Guid='{54849625-5478-4994-A5BA-3E3B0328C30D}'/><EventID>4624</EventID><Version>0</Version><Level>0</Level><Task>12544</Task><Opcode>0</Opcode><Keywords>0x8020000000000000</Keywords><TimeCreated SystemTime='2016-08-18T07:23:55.765200000Z'/><EventRecordID>10809537</EventRecordID><Correlation/><Execution ProcessID='468' ThreadID='3804'/><Channel>Security</Channel><Computer>win-2k08-dc1.Eyalcorp.Javelin</Computer><Security/></System><EventData><Data Name='SubjectUserSid'>S-1-0-0</Data><Data Name='SubjectUserName'>-</Data><Data Name='SubjectDomainName'>-</Data><Data Name='SubjectLogonId'>0x0</Data><Data Name='TargetUserSid'>S-1-5-7</Data><Data Name='TargetUserName'>ANONYMOUS LOGON</Data><Data Name='TargetDomainName'>NT AUTHORITY</Data><Data Name='TargetLogonId'>0x36256b7a</Data><Data Name='LogonType'>3</Data><Data Name='LogonProcessName'>NtLmSsp </Data><Data Name='AuthenticationPackageName'>NTLM</Data><Data Name='WorkstationName'>WIN-7-32B</Data><Data Name='LogonGuid'>{00000000-0000-0000-0000-000000000000}</Data><Data Name='TransmittedServices'>-</Data><Data Name='LmPackageName'>NTLM V1</Data><Data Name='KeyLength'>128</Data><Data Name='ProcessId'>0x0</Data><Data Name='ProcessName'>-</Data><Data Name='IpAddress'>172.16.6.32</Data><Data Name='IpPort'>61127</Data></EventData></Event><Event xmlns='http://schemas.microsoft.com/win/2004/08/events/event'><System><Provider Name='Microsoft-Windows-Security-Auditing' Guid='{54849625-5478-4994-A5BA-3E3B0328C30D}'/><EventID>4624</EventID><Version>0</Version><Level>0</Level><Task>12544</Task><Opcode>0</Opcode><Keywords>0x8020000000000000</Keywords><TimeCreated SystemTime='2016-08-18T07:23:55.749600000Z'/><EventRecordID>10809536</EventRecordID><Correlation/><Execution ProcessID='468' ThreadID='2388'/><Channel>Security</Channel><Computer>win-2k08-dc1.Eyalcorp.Javelin</Computer><Security/></System><EventData><Data Name='SubjectUserSid'>S-1-0-0</Data><Data Name='SubjectUserName'>-</Data><Data Name='SubjectDomainName'>-</Data><Data Name='SubjectLogonId'>0x0</Data><Data Name='TargetUserSid'>S-1-5-7</Data><Data Name='TargetUserName'>ANONYMOUS LOGON</Data><Data Name='TargetDomainName'>NT AUTHORITY</Data><Data Name='TargetLogonId'>0x36256b6d</Data><Data Name='LogonType'>3</Data><Data Name='LogonProcessName'>NtLmSsp </Data><Data Name='AuthenticationPackageName'>NTLM</Data><Data Name='WorkstationName'>WIN-7-32B</Data><Data Name='LogonGuid'>{00000000-0000-0000-0000-000000000000}</Data><Data Name='TransmittedServices'>-</Data><Data Name='LmPackageName'>NTLM V1</Data><Data Name='KeyLength'>128</Data><Data Name='ProcessId'>0x0</Data><Data Name='ProcessName'>-</Data><Data Name='IpAddress'>172.16.6.32</Data><Data Name='IpPort'>61126</Data></EventData></Event><Event xmlns='http://schemas.microsoft.com/win/2004/08/events/event'><System><Provider Name='Microsoft-Windows-Security-Auditing' Guid='{54849625-5478-4994-A5BA-3E3B0328C30D}'/><EventID>4634</EventID><Version>0</Version><Level>0</Level><Task>12545</Task><Opcode>0</Opcode><Keywords>0x8020000000000000</Keywords><TimeCreated SystemTime='2016-08-18T07:23:51.210000000Z'/><EventRecordID>10809535</EventRecordID><Correlation/><Execution ProcessID='468' ThreadID='3804'/><Channel>Security</Channel><Computer>win-2k08-dc1.Eyalcorp.Javelin</Computer><Security/></System><EventData><Data Name='TargetUserSid'>S-1-5-18</Data><Data Name='TargetUserName'>WIN-2K08-DC1$</Data><Data Name='TargetDomainName'>EYALCORP</Data><Data Name='TargetLogonId'>0x36250307</Data><Data Name='LogonType'>3</Data></EventData></Event><Event xmlns='http://schemas.microsoft.com/win/2004/08/events/event'><System><Provider Name='Microsoft-Windows-Security-Auditing' Guid='{54849625-5478-4994-A5BA-3E3B0328C30D}'/><EventID>4634</EventID><Version>0</Version><Level>0</Level><Task>12545</Task><Opcode>0</Opcode><Keywords>0x8020000000000000</Keywords><TimeCreated SystemTime='2016-08-18T07:23:51.210000000Z'/><EventRecordID>10809534</EventRecordID><Correlation/><Execution ProcessID='468' ThreadID='3864'/><Channel>Security</Channel><Computer>win-2k08-dc1.Eyalcorp.Javelin</Computer><Security/></System><EventData><Data Name='TargetUserSid'>S-1-5-18</Data><Data Name='TargetUserName'>WIN-2K08-DC1$</Data><Data Name='TargetDomainName'>EYALCORP</Data><Data Name='TargetLogonId'>0x3625047f</Data><Data Name='LogonType'>3</Data></EventData></Event><Event xmlns='http://schemas.microsoft.com/win/2004/08/events/event'><System><Provider Name='Microsoft-Windows-Security-Auditing' Guid='{54849625-5478-4994-A5BA-3E3B0328C30D}'/><EventID>4634</EventID><Version>0</Version><Level>0</Level><Task>12545</Task><Opcode>0</Opcode><Keywords>0x8020000000000000</Keywords><TimeCreated SystemTime='2016-08-18T07:23:51.210000000Z'/><EventRecordID>10809533</EventRecordID><Correlation/><Execution ProcessID='468' ThreadID='3864'/><Channel>Security</Channel><Computer>win-2k08-dc1.Eyalcorp.Javelin</Computer><Security/></System><EventData><Data Name='TargetUserSid'>S-1-5-18</Data><Data Name='TargetUserName'>WIN-2K08-DC1$</Data><Data Name='TargetDomainName'>EYALCORP</Data><Data Name='TargetLogonId'>0x3625049b</Data><Data Name='LogonType'>3</Data></EventData></Event><Event xmlns='http://schemas.microsoft.com/win/2004/08/events/event'><System><Provider Name='Microsoft-Windows-Security-Auditing' Guid='{54849625-5478-4994-A5BA-3E3B0328C30D}'/><EventID>4624</EventID><Version>0</Version><Level>0</Level><Task>12544</Task><Opcode>0</Opcode><Keywords>0x8020000000000000</Keywords><TimeCreated SystemTime='2016-08-18T07:23:51.210000000Z'/><EventRecordID>10809532</EventRecordID><Correlation/><Execution ProcessID='468' ThreadID='3864'/><Channel>Security</Channel><Computer>win-2k08-dc1.Eyalcorp.Javelin</Computer><Security/></System><EventData><Data Name='SubjectUserSid'>S-1-0-0</Data><Data Name='SubjectUserName'>-</Data><Data Name='SubjectDomainName'>-</Data><Data Name='SubjectLogonId'>0x0</Data><Data Name='TargetUserSid'>S-1-5-18</Data><Data Name='TargetUserName'>WIN-2K08-DC1$</Data><Data Name='TargetDomainName'>EYALCORP</Data><Data Name='TargetLogonId'>0x3625049b</Data><Data Name='LogonType'>3</Data><Data Name='LogonProcessName'>Kerberos</Data><Data Name='AuthenticationPackageName'>Kerberos</Data><Data Name='WorkstationName'></Data><Data Name='LogonGuid'>{7697B861-968B-3673-2D78-A36CAE4FB101}</Data><Data Name='TransmittedServices'>-</Data><Data Name='LmPackageName'>-</Data><Data Name='KeyLength'>0</Data><Data Name='ProcessId'>0x0</Data><Data Name='ProcessName'>-</Data><Data Name='IpAddress'>-</Data><Data Name='IpPort'>-</Data></EventData></Event><Event xmlns='http://schemas.microsoft.com/win/2004/08/events/event'><System><Provider Name='Microsoft-Windows-Security-Auditing' Guid='{54849625-5478-4994-A5BA-3E3B0328C30D}'/><EventID>4672</EventID><Version>0</Version><Level>0</Level><Task>12548</Task><Opcode>0</Opcode><Keywords>0x8020000000000000</Keywords><TimeCreated SystemTime='2016-08-18T07:23:51.210000000Z'/><EventRecordID>10809531</EventRecordID><Correlation/><Execution ProcessID='468' ThreadID='3864'/><Channel>Security</Channel><Computer>win-2k08-dc1.Eyalcorp.Javelin</Computer><Security/></System><EventData><Data Name='SubjectUserSid'>S-1-5-18</Data><Data Name='SubjectUserName'>WIN-2K08-DC1$</Data><Data Name='SubjectDomainName'>EYALCORP</Data><Data Name='SubjectLogonId'>0x3625049b</Data><Data Name='PrivilegeList'>SeSecurityPrivilege
			SeBackupPrivilege
			SeRestorePrivilege
			SeTakeOwnershipPrivilege
			SeDebugPrivilege
			SeSystemEnvironmentPrivilege
			SeLoadDriverPrivilege
			SeImpersonatePrivilege
			SeEnableDelegationPrivilege</Data></EventData></Event><Event xmlns='http://schemas.microsoft.com/win/2004/08/events/event'><System><Provider Name='Microsoft-Windows-Security-Auditing' Guid='{54849625-5478-4994-A5BA-3E3B0328C30D}'/><EventID>4648</EventID><Version>0</Version><Level>0</Level><Task>12544</Task><Opcode>0</Opcode><Keywords>0x8020000000000000</Keywords><TimeCreated SystemTime='2016-08-18T07:23:51.194400000Z'/><EventRecordID>10809530</EventRecordID><Correlation/><Execution ProcessID='468' ThreadID='3864'/><Channel>Security</Channel><Computer>win-2k08-dc1.Eyalcorp.Javelin</Computer><Security/></System><EventData><Data Name='SubjectUserSid'>S-1-5-18</Data><Data Name='SubjectUserName'>WIN-2K08-DC1$</Data><Data Name='SubjectDomainName'>EYALCORP</Data><Data Name='SubjectLogonId'>0x3e7</Data><Data Name='LogonGuid'>{00000000-0000-0000-0000-000000000000}</Data><Data Name='TargetUserName'>WIN-2K08-DC1$</Data><Data Name='TargetDomainName'>EYALCORP.JAVELIN</Data><Data Name='TargetLogonGuid'>{C9D63DD0-5637-29C4-7D3D-9F1385D0D74F}</Data><Data Name='TargetServerName'>win-2k08-dc1$</Data><Data Name='TargetInfo'>win-2k08-dc1$</Data><Data Name='ProcessId'>0xe3c</Data><Data Name='ProcessName'>C:\Windows\System32\taskhost.exe</Data><Data Name='IpAddress'>-</Data><Data Name='IpPort'>-</Data></EventData></Event><Event xmlns='http://schemas.microsoft.com/win/2004/08/events/event'><System><Provider Name='Microsoft-Windows-Security-Auditing' Guid='{54849625-5478-4994-A5BA-3E3B0328C30D}'/><EventID>4769</EventID><Version>0</Version><Level>0</Level><Task>14337</Task><Opcode>0</Opcode><Keywords>0x8020000000000000</Keywords><TimeCreated SystemTime='2016-08-18T07:23:51.194400000Z'/><EventRecordID>10809529</EventRecordID><Correlation/><Execution ProcessID='468' ThreadID='3864'/><Channel>Security</Channel><Computer>win-2k08-dc1.Eyalcorp.Javelin</Computer><Security/></System><EventData><Data Name='TargetUserName'>WIN-2K08-DC1$@EYALCORP.JAVELIN</Data><Data Name='TargetDomainName'>EYALCORP.JAVELIN</Data><Data Name='ServiceName'>WIN-2K08-DC1$</Data><Data Name='ServiceSid'>S-1-5-21-1027816549-778563045-2840999679-1000</Data><Data Name='TicketOptions'>0x40810000</Data><Data Name='TicketEncryptionType'>0x17</Data><Data Name='IpAddress'>::1</Data><Data Name='IpPort'>0</Data><Data Name='Status'>0x0</Data><Data Name='LogonGuid'>{0F1D64A0-A81F-4DB1-F24C-6312DA951171}</Data><Data Name='TransmittedServices'>-</Data></EventData></Event><Event xmlns='http://schemas.microsoft.com/win/2004/08/events/event'><System><Provider Name='Microsoft-Windows-Security-Auditing' Guid='{54849625-5478-4994-A5BA-3E3B0328C30D}'/><EventID>4768</EventID><Version>0</Version><Level>0</Level><Task>14339</Task><Opcode>0</Opcode><Keywords>0x8020000000000000</Keywords><TimeCreated SystemTime='2016-08-18T07:23:51.194400000Z'/><EventRecordID>10809528</EventRecordID><Correlation/><Execution ProcessID='468' ThreadID='3864'/><Channel>Security</Channel><Computer>win-2k08-dc1.Eyalcorp.Javelin</Computer><Security/></System><EventData><Data Name='TargetUserName'>WIN-2K08-DC1$</Data><Data Name='TargetDomainName'>EYALCORP.JAVELIN</Data><Data Name='TargetSid'>S-1-5-21-1027816549-778563045-2840999679-1000</Data><Data Name='ServiceName'>krbtgt</Data><Data Name='ServiceSid'>S-1-5-21-1027816549-778563045-2840999679-502</Data><Data Name='TicketOptions'>0x40810010</Data><Data Name='Status'>0x0</Data><Data Name='TicketEncryptionType'>0x12</Data><Data Name='PreAuthType'>2</Data><Data Name='IpAddress'>::1</Data><Data Name='IpPort'>0</Data><Data Name='CertIssuerName'></Data><Data Name='CertSerialNumber'></Data><Data Name='CertThumbprint'></Data></EventData></Event><Event xmlns='http://schemas.microsoft.com/win/2004/08/events/event'><System><Provider Name='Microsoft-Windows-Security-Auditing' Guid='{54849625-5478-4994-A5BA-3E3B0328C30D}'/><EventID>4624</EventID><Version>0</Version><Level>0</Level><Task>12544</Task><Opcode>0</Opcode><Keywords>0x8020000000000000</Keywords><TimeCreated SystemTime='2016-08-18T07:23:51.163200000Z'/><EventRecordID>10809527</EventRecordID><Correlation/><Execution ProcessID='468' ThreadID='1100'/><Channel>Security</Channel><Computer>win-2k08-dc1.Eyalcorp.Javelin</Computer><Security/></System><EventData><Data Name='SubjectUserSid'>S-1-0-0</Data><Data Name='SubjectUserName'>-</Data><Data Name='SubjectDomainName'>-</Data><Data Name='SubjectLogonId'>0x0</Data><Data Name='TargetUserSid'>S-1-5-18</Data><Data Name='TargetUserName'>WIN-2K08-DC1$</Data><Data Name='TargetDomainName'>EYALCORP</Data><Data Name='TargetLogonId'>0x3625047f</Data><Data Name='LogonType'>3</Data><Data Name='LogonProcessName'>Kerberos</Data><Data Name='AuthenticationPackageName'>Kerberos</Data><Data Name='WorkstationName'></Data><Data Name='LogonGuid'>{5C53FD0B-E2D4-A446-73D9-4B5F6862CC0F}</Data><Data Name='TransmittedServices'>-</Data><Data Name='LmPackageName'>-</Data><Data Name='KeyLength'>0</Data><Data Name='ProcessId'>0x0</Data><Data Name='ProcessName'>-</Data><Data Name='IpAddress'>172.16.5.28</Data><Data Name='IpPort'>51383</Data></EventData></Event><Event xmlns='http://schemas.microsoft.com/win/2004/08/events/event'><System><Provider Name='Microsoft-Windows-Security-Auditing' Guid='{54849625-5478-4994-A5BA-3E3B0328C30D}'/><EventID>4672</EventID><Version>0</Version><Level>0</Level><Task>12548</Task><Opcode>0</Opcode><Keywords>0x8020000000000000</Keywords><TimeCreated SystemTime='2016-08-18T07:23:51.163200000Z'/><EventRecordID>10809526</EventRecordID><Correlation/><Execution ProcessID='468' ThreadID='1100'/><Channel>Security</Channel><Computer>win-2k08-dc1.Eyalcorp.Javelin</Computer><Security/></System><EventData><Data Name='SubjectUserSid'>S-1-5-18</Data><Data Name='SubjectUserName'>WIN-2K08-DC1$</Data><Data Name='SubjectDomainName'>EYALCORP</Data><Data Name='SubjectLogonId'>0x3625047f</Data><Data Name='PrivilegeList'>SeSecurityPrivilege
			SeBackupPrivilege
			SeRestorePrivilege
			SeTakeOwnershipPrivilege
			SeDebugPrivilege
			SeSystemEnvironmentPrivilege
			SeLoadDriverPrivilege
			SeImpersonatePrivilege
			SeEnableDelegationPrivilege</Data></EventData></Event><Event xmlns='http://schemas.microsoft.com/win/2004/08/events/event'><System><Provider Name='Microsoft-Windows-Security-Auditing' Guid='{54849625-5478-4994-A5BA-3E3B0328C30D}'/><EventID>4634</EventID><Version>0</Version><Level>0</Level><Task>12545</Task><Opcode>0</Opcode><Keywords>0x8020000000000000</Keywords><TimeCreated SystemTime='2016-08-18T07:23:51.147600000Z'/><EventRecordID>10809525</EventRecordID><Correlation/><Execution ProcessID='468' ThreadID='3864'/><Channel>Security</Channel><Computer>win-2k08-dc1.Eyalcorp.Javelin</Computer><Security/></System><EventData><Data Name='TargetUserSid'>S-1-5-18</Data><Data Name='TargetUserName'>WIN-2K08-DC1$</Data><Data Name='TargetDomainName'>EYALCORP</Data><Data Name='TargetLogonId'>0x362503b3</Data><Data Name='LogonType'>3</Data></EventData></Event><Event xmlns='http://schemas.microsoft.com/win/2004/08/events/event'><System><Provider Name='Microsoft-Windows-Security-Auditing' Guid='{54849625-5478-4994-A5BA-3E3B0328C30D}'/><EventID>4634</EventID><Version>0</Version><Level>0</Level><Task>12545</Task><Opcode>0</Opcode><Keywords>0x8020000000000000</Keywords><TimeCreated SystemTime='2016-08-18T07:23:51.147600000Z'/><EventRecordID>10809524</EventRecordID><Correlation/><Execution ProcessID='468' ThreadID='3864'/><Channel>Security</Channel><Computer>win-2k08-dc1.Eyalcorp.Javelin</Computer><Security/></System><EventData><Data Name='TargetUserSid'>S-1-5-18</Data><Data Name='TargetUserName'>WIN-2K08-DC1$</Data><Data Name='TargetDomainName'>EYALCORP</Data><Data Name='TargetLogonId'>0x362503f2</Data><Data Name='LogonType'>3</Data></EventData></Event><Event xmlns='http://schemas.microsoft.com/win/2004/08/events/event'><System><Provider Name='Microsoft-Windows-Security-Auditing' Guid='{54849625-5478-4994-A5BA-3E3B0328C30D}'/><EventID>4624</EventID><Version>0</Version><Level>0</Level><Task>12544</Task><Opcode>0</Opcode><Keywords>0x8020000000000000</Keywords><TimeCreated SystemTime='2016-08-18T07:23:51.147600000Z'/><EventRecordID>10809523</EventRecordID><Correlation/><Execution ProcessID='468' ThreadID='3864'/><Channel>Security</Channel><Computer>win-2k08-dc1.Eyalcorp.Javelin</Computer><Security/></System><EventData><Data Name='SubjectUserSid'>S-1-0-0</Data><Data Name='SubjectUserName'>-</Data><Data Name='SubjectDomainName'>-</Data><Data Name='SubjectLogonId'>0x0</Data><Data Name='TargetUserSid'>S-1-5-18</Data><Data Name='TargetUserName'>WIN-2K08-DC1$</Data><Data Name='TargetDomainName'>EYALCORP</Data><Data Name='TargetLogonId'>0x362503f2</Data><Data Name='LogonType'>3</Data><Data Name='LogonProcessName'>Kerberos</Data><Data Name='AuthenticationPackageName'>Kerberos</Data><Data Name='WorkstationName'></Data><Data Name='LogonGuid'>{7697B861-968B-3673-2D78-A36CAE4FB101}</Data><Data Name='TransmittedServices'>-</Data><Data Name='LmPackageName'>-</Data><Data Name='KeyLength'>0</Data><Data Name='ProcessId'>0x0</Data><Data Name='ProcessName'>-</Data><Data Name='IpAddress'>-</Data><Data Name='IpPort'>-</Data></EventData></Event><Event xmlns='http://schemas.microsoft.com/win/2004/08/events/event'><System><Provider Name='Microsoft-Windows-Security-Auditing' Guid='{54849625-5478-4994-A5BA-3E3B0328C30D}'/><EventID>4672</EventID><Version>0</Version><Level>0</Level><Task>12548</Task><Opcode>0</Opcode><Keywords>0x8020000000000000</Keywords><TimeCreated SystemTime='2016-08-18T07:23:51.147600000Z'/><EventRecordID>10809522</EventRecordID><Correlation/><Execution ProcessID='468' ThreadID='3864'/><Channel>Security</Channel><Computer>win-2k08-dc1.Eyalcorp.Javelin</Computer><Security/></System><EventData><Data Name='SubjectUserSid'>S-1-5-18</Data><Data Name='SubjectUserName'>WIN-2K08-DC1$</Data><Data Name='SubjectDomainName'>EYALCORP</Data><Data Name='SubjectLogonId'>0x362503f2</Data><Data Name='PrivilegeList'>SeSecurityPrivilege
			SeBackupPrivilege
			SeRestorePrivilege
			SeTakeOwnershipPrivilege
			SeDebugPrivilege
			SeSystemEnvironmentPrivilege
			SeLoadDriverPrivilege
			SeImpersonatePrivilege
			SeEnableDelegationPrivilege</Data></EventData></Event><Event xmlns='http://schemas.microsoft.com/win/2004/08/events/event'><System><Provider Name='Microsoft-Windows-Security-Auditing' Guid='{54849625-5478-4994-A5BA-3E3B0328C30D}'/><EventID>4648</EventID><Version>0</Version><Level>0</Level><Task>12544</Task><Opcode>0</Opcode><Keywords>0x8020000000000000</Keywords><TimeCreated SystemTime='2016-08-18T07:23:51.147600000Z'/><EventRecordID>10809521</EventRecordID><Correlation/><Execution ProcessID='468' ThreadID='3864'/><Channel>Security</Channel><Computer>win-2k08-dc1.Eyalcorp.Javelin</Computer><Security/></System><EventData><Data Name='SubjectUserSid'>S-1-5-18</Data><Data Name='SubjectUserName'>WIN-2K08-DC1$</Data><Data Name='SubjectDomainName'>EYALCORP</Data><Data Name='SubjectLogonId'>0x3e7</Data><Data Name='LogonGuid'>{00000000-0000-0000-0000-000000000000}</Data><Data Name='TargetUserName'>WIN-2K08-DC1$</Data><Data Name='TargetDomainName'>EYALCORP.JAVELIN</Data><Data Name='TargetLogonGuid'>{C9D63DD0-5637-29C4-7D3D-9F1385D0D74F}</Data><Data Name='TargetServerName'>win-2k08-dc1$</Data><Data Name='TargetInfo'>win-2k08-dc1$</Data><Data Name='ProcessId'>0xe3c</Data><Data Name='ProcessName'>C:\Windows\System32\taskhost.exe</Data><Data Name='IpAddress'>-</Data><Data Name='IpPort'>-</Data></EventData></Event><Event xmlns='http://schemas.microsoft.com/win/2004/08/events/event'><System><Provider Name='Microsoft-Windows-Security-Auditing' Guid='{54849625-5478-4994-A5BA-3E3B0328C30D}'/><EventID>4769</EventID><Version>0</Version><Level>0</Level><Task>14337</Task><Opcode>0</Opcode><Keywords>0x8020000000000000</Keywords><TimeCreated SystemTime='2016-08-18T07:23:51.147600000Z'/><EventRecordID>10809520</EventRecordID><Correlation/><Execution ProcessID='468' ThreadID='3864'/><Channel>Security</Channel><Computer>win-2k08-dc1.Eyalcorp.Javelin</Computer><Security/></System><EventData><Data Name='TargetUserName'>WIN-2K08-DC1$@EYALCORP.JAVELIN</Data><Data Name='TargetDomainName'>EYALCORP.JAVELIN</Data><Data Name='ServiceName'>WIN-2K08-DC1$</Data><Data Name='ServiceSid'>S-1-5-21-1027816549-778563045-2840999679-1000</Data><Data Name='TicketOptions'>0x40810000</Data><Data Name='TicketEncryptionType'>0x17</Data><Data Name='IpAddress'>::1</Data><Data Name='IpPort'>0</Data><Data Name='Status'>0x0</Data><Data Name='LogonGuid'>{0F1D64A0-A81F-4DB1-F24C-6312DA951171}</Data><Data Name='TransmittedServices'>-</Data></EventData></Event><Event xmlns='http://schemas.microsoft.com/win/2004/08/events/event'><System><Provider Name='Microsoft-Windows-Security-Auditing' Guid='{54849625-5478-4994-A5BA-3E3B0328C30D}'/><EventID>4768</EventID><Version>0</Version><Level>0</Level><Task>14339</Task><Opcode>0</Opcode><Keywords>0x8020000000000000</Keywords><TimeCreated SystemTime='2016-08-18T07:23:51.132000000Z'/><EventRecordID>10809519</EventRecordID><Correlation/><Execution ProcessID='468' ThreadID='3864'/><Channel>Security</Channel><Computer>win-2k08-dc1.Eyalcorp.Javelin</Computer><Security/></System><EventData><Data Name='TargetUserName'>WIN-2K08-DC1$</Data><Data Name='TargetDomainName'>EYALCORP.JAVELIN</Data><Data Name='TargetSid'>S-1-5-21-1027816549-778563045-2840999679-1000</Data><Data Name='ServiceName'>krbtgt</Data><Data Name='ServiceSid'>S-1-5-21-1027816549-778563045-2840999679-502</Data><Data Name='TicketOptions'>0x40810010</Data><Data Name='Status'>0x0</Data><Data Name='TicketEncryptionType'>0x12</Data><Data Name='PreAuthType'>2</Data><Data Name='IpAddress'>::1</Data><Data Name='IpPort'>0</Data><Data Name='CertIssuerName'></Data><Data Name='CertSerialNumber'></Data><Data Name='CertThumbprint'></Data></EventData></Event><Event xmlns='http://schemas.microsoft.com/win/2004/08/events/event'><System><Provider Name='Microsoft-Windows-Security-Auditing' Guid='{54849625-5478-4994-A5BA-3E3B0328C30D}'/><EventID>4624</EventID><Version>0</Version><Level>0</Level><Task>12544</Task><Opcode>0</Opcode><Keywords>0x8020000000000000</Keywords><TimeCreated SystemTime='2016-08-18T07:23:51.085200000Z'/><EventRecordID>10809518</EventRecordID><Correlation/><Execution ProcessID='468' ThreadID='1100'/><Channel>Security</Channel><Computer>win-2k08-dc1.Eyalcorp.Javelin</Computer><Security/></System><EventData><Data Name='SubjectUserSid'>S-1-0-0</Data><Data Name='SubjectUserName'>-</Data><Data Name='SubjectDomainName'>-</Data><Data Name='SubjectLogonId'>0x0</Data><Data Name='TargetUserSid'>S-1-5-18</Data><Data Name='TargetUserName'>WIN-2K08-DC1$</Data><Data Name='TargetDomainName'>EYALCORP</Data><Data Name='TargetLogonId'>0x362503b3</Data><Data Name='LogonType'>3</Data><Data Name='LogonProcessName'>Kerberos</Data><Data Name='AuthenticationPackageName'>Kerberos</Data><Data Name='WorkstationName'></Data><Data Name='LogonGuid'>{5C53FD0B-E2D4-A446-73D9-4B5F6862CC0F}</Data><Data Name='TransmittedServices'>-</Data><Data Name='LmPackageName'>-</Data><Data Name='KeyLength'>0</Data><Data Name='ProcessId'>0x0</Data><Data Name='ProcessName'>-</Data><Data Name='IpAddress'>172.16.5.28</Data><Data Name='IpPort'>51382</Data></EventData></Event><Event xmlns='http://schemas.microsoft.com/win/2004/08/events/event'><System><Provider Name='Microsoft-Windows-Security-Auditing' Guid='{54849625-5478-4994-A5BA-3E3B0328C30D}'/><EventID>4672</EventID><Version>0</Version><Level>0</Level><Task>12548</Task><Opcode>0</Opcode><Keywords>0x8020000000000000</Keywords><TimeCreated SystemTime='2016-08-18T07:23:51.085200000Z'/><EventRecordID>10809517</EventRecordID><Correlation/><Execution ProcessID='468' ThreadID='1100'/><Channel>Security</Channel><Computer>win-2k08-dc1.Eyalcorp.Javelin</Computer><Security/></System><EventData><Data Name='SubjectUserSid'>S-1-5-18</Data><Data Name='SubjectUserName'>WIN-2K08-DC1$</Data><Data Name='SubjectDomainName'>EYALCORP</Data><Data Name='SubjectLogonId'>0x362503b3</Data><Data Name='PrivilegeList'>SeSecurityPrivilege
			SeBackupPrivilege
			SeRestorePrivilege
			SeTakeOwnershipPrivilege
			SeDebugPrivilege
			SeSystemEnvironmentPrivilege
			SeLoadDriverPrivilege
			SeImpersonatePrivilege
			SeEnableDelegationPrivilege</Data></EventData></Event><Event xmlns='http://schemas.microsoft.com/win/2004/08/events/event'><System><Provider Name='Microsoft-Windows-Security-Auditing' Guid='{54849625-5478-4994-A5BA-3E3B0328C30D}'/><EventID>4624</EventID><Version>0</Version><Level>0</Level><Task>12544</Task><Opcode>0</Opcode><Keywords>0x8020000000000000</Keywords><TimeCreated SystemTime='2016-08-18T07:23:51.069600000Z'/><EventRecordID>10809516</EventRecordID><Correlation/><Execution ProcessID='468' ThreadID='2560'/><Channel>Security</Channel><Computer>win-2k08-dc1.Eyalcorp.Javelin</Computer><Security/></System><EventData><Data Name='SubjectUserSid'>S-1-0-0</Data><Data Name='SubjectUserName'>-</Data><Data Name='SubjectDomainName'>-</Data><Data Name='SubjectLogonId'>0x0</Data><Data Name='TargetUserSid'>S-1-5-18</Data><Data Name='TargetUserName'>WIN-2K08-DC1$</Data><Data Name='TargetDomainName'>EYALCORP</Data><Data Name='TargetLogonId'>0x36250307</Data><Data Name='LogonType'>3</Data><Data Name='LogonProcessName'>Kerberos</Data><Data Name='AuthenticationPackageName'>Kerberos</Data><Data Name='WorkstationName'></Data><Data Name='LogonGuid'>{51DB191B-D400-AB8E-6D3C-975E4EB40ACB}</Data><Data Name='TransmittedServices'>-</Data><Data Name='LmPackageName'>-</Data><Data Name='KeyLength'>0</Data><Data Name='ProcessId'>0x0</Data><Data Name='ProcessName'>-</Data><Data Name='IpAddress'>::1</Data><Data Name='IpPort'>51381</Data></EventData></Event><Event xmlns='http://schemas.microsoft.com/win/2004/08/events/event'><System><Provider Name='Microsoft-Windows-Security-Auditing' Guid='{54849625-5478-4994-A5BA-3E3B0328C30D}'/><EventID>4672</EventID><Version>0</Version><Level>0</Level><Task>12548</Task><Opcode>0</Opcode><Keywords>0x8020000000000000</Keywords><TimeCreated SystemTime='2016-08-18T07:23:51.069600000Z'/><EventRecordID>10809515</EventRecordID><Correlation/><Execution ProcessID='468' ThreadID='2560'/><Channel>Security</Channel><Computer>win-2k08-dc1.Eyalcorp.Javelin</Computer><Security/></System><EventData><Data Name='SubjectUserSid'>S-1-5-18</Data><Data Name='SubjectUserName'>WIN-2K08-DC1$</Data><Data Name='SubjectDomainName'>EYALCORP</Data><Data Name='SubjectLogonId'>0x36250307</Data><Data Name='PrivilegeList'>SeSecurityPrivilege
			SeBackupPrivilege
			SeRestorePrivilege
			SeTakeOwnershipPrivilege
			SeDebugPrivilege
			SeSystemEnvironmentPrivilege
			SeLoadDriverPrivilege
			SeImpersonatePrivilege
			SeEnableDelegationPrivilege</Data></EventData></Event><Event xmlns='http://schemas.microsoft.com/win/2004/08/events/event'><System><Provider Name='Microsoft-Windows-Security-Auditing' Guid='{54849625-5478-4994-A5BA-3E3B0328C30D}'/><EventID>4634</EventID><Version>0</Version><Level>0</Level><Task>12545</Task><Opcode>0</Opcode><Keywords>0x8020000000000000</Keywords><TimeCreated SystemTime='2016-08-18T07:23:47.637600000Z'/><EventRecordID>10809514</EventRecordID><Correlation/><Execution ProcessID='468' ThreadID='3804'/><Channel>Security</Channel><Computer>win-2k08-dc1.Eyalcorp.Javelin</Computer><Security/></System><EventData><Data Name='TargetUserSid'>S-1-5-18</Data><Data Name='TargetUserName'>WIN-2K08-DC1$</Data><Data Name='TargetDomainName'>EYALCORP</Data><Data Name='TargetLogonId'>0x3624c78b</Data><Data Name='LogonType'>3</Data></EventData></Event><Event xmlns='http://schemas.microsoft.com/win/2004/08/events/event'><System><Provider Name='Microsoft-Windows-Security-Auditing' Guid='{54849625-5478-4994-A5BA-3E3B0328C30D}'/><EventID>4625</EventID><Version>0</Version><Level>0</Level><Task>12544</Task><Opcode>0</Opcode><Keywords>0x8010000000000000</Keywords><TimeCreated SystemTime='2016-08-18T07:23:47.622000000Z'/><EventRecordID>10809513</EventRecordID><Correlation/><Execution ProcessID='468' ThreadID='3864'/><Channel>Security</Channel><Computer>win-2k08-dc1.Eyalcorp.Javelin</Computer><Security/></System><EventData><Data Name='SubjectUserSid'>S-1-0-0</Data><Data Name='SubjectUserName'>-</Data><Data Name='SubjectDomainName'>-</Data><Data Name='SubjectLogonId'>0x0</Data><Data Name='TargetUserSid'>S-1-0-0</Data><Data Name='TargetUserName'>WIN-10-32B$</Data><Data Name='TargetDomainName'>EYALCORP</Data><Data Name='Status'>0xc000006d</Data><Data Name='FailureReason'>%%2313</Data><Data Name='SubStatus'>0xc000006a</Data><Data Name='LogonType'>3</Data><Data Name='LogonProcessName'>NtLmSsp </Data><Data Name='AuthenticationPackageName'>NTLM</Data><Data Name='WorkstationName'>WIN-10-32B</Data><Data Name='TransmittedServices'>-</Data><Data Name='LmPackageName'>-</Data><Data Name='KeyLength'>0</Data><Data Name='ProcessId'>0x0</Data><Data Name='ProcessName'>-</Data><Data Name='IpAddress'>172.16.6.33</Data><Data Name='IpPort'>49972</Data></EventData></Event><Event xmlns='http://schemas.microsoft.com/win/2004/08/events/event'><System><Provider Name='Microsoft-Windows-Security-Auditing' Guid='{54849625-5478-4994-A5BA-3E3B0328C30D}'/><EventID>4776</EventID><Version>0</Version><Level>0</Level><Task>14336</Task><Opcode>0</Opcode><Keywords>0x8010000000000000</Keywords><TimeCreated SystemTime='2016-08-18T07:23:47.622000000Z'/><EventRecordID>10809512</EventRecordID><Correlation/><Execution ProcessID='468' ThreadID='3864'/><Channel>Security</Channel><Computer>win-2k08-dc1.Eyalcorp.Javelin</Computer><Security/></System><EventData><Data Name='PackageName'>MICROSOFT_AUTHENTICATION_PACKAGE_V1_0</Data><Data Name='TargetUserName'>WIN-10-32B$</Data><Data Name='Workstation'>WIN-10-32B</Data><Data Name='Status'>0xc000006a</Data></EventData></Event><Event xmlns='http://schemas.microsoft.com/win/2004/08/events/event'><System><Provider Name='Microsoft-Windows-Security-Auditing' Guid='{54849625-5478-4994-A5BA-3E3B0328C30D}'/><EventID>4771</EventID><Version>0</Version><Level>0</Level><Task>14339</Task><Opcode>0</Opcode><Keywords>0x8010000000000000</Keywords><TimeCreated SystemTime='2016-08-18T07:23:47.559600000Z'/><EventRecordID>10809511</EventRecordID><Correlation/><Execution ProcessID='468' ThreadID='1100'/><Channel>Security</Channel><Computer>win-2k08-dc1.Eyalcorp.Javelin</Computer><Security/></System><EventData><Data Name='TargetUserName'>WIN-10-32B$</Data><Data Name='TargetSid'>S-1-5-21-1027816549-778563045-2840999679-1116</Data><Data Name='ServiceName'>krbtgt/Eyalcorp.Javelin</Data><Data Name='TicketOptions'>0x40810010</Data><Data Name='Status'>0x18</Data><Data Name='PreAuthType'>2</Data><Data Name='IpAddress'>::ffff:172.16.6.33</Data><Data Name='IpPort'>49974</Data><Data Name='CertIssuerName'></Data><Data Name='CertSerialNumber'></Data><Data Name='CertThumbprint'></Data></EventData></Event><Event xmlns='http://schemas.microsoft.com/win/2004/08/events/event'><System><Provider Name='Microsoft-Windows-Security-Auditing' Guid='{54849625-5478-4994-A5BA-3E3B0328C30D}'/><EventID>4634</EventID><Version>0</Version><Level>0</Level><Task>12545</Task><Opcode>0</Opcode><Keywords>0x8020000000000000</Keywords><TimeCreated SystemTime='2016-08-18T07:23:44.533200000Z'/><EventRecordID>10809510</EventRecordID><Correlation/><Execution ProcessID='468' ThreadID='2388'/><Channel>Security</Channel><Computer>win-2k08-dc1.Eyalcorp.Javelin</Computer><Security/></System><EventData><Data Name='TargetUserSid'>S-1-5-18</Data><Data Name='TargetUserName'>WIN-2K08-DC1$</Data><Data Name='TargetDomainName'>EYALCORP</Data><Data Name='TargetLogonId'>0x3624c845</Data><Data Name='LogonType'>3</Data></EventData></Event><Event xmlns='http://schemas.microsoft.com/win/2004/08/events/event'><System><Provider Name='Microsoft-Windows-Security-Auditing' Guid='{54849625-5478-4994-A5BA-3E3B0328C30D}'/><EventID>4634</EventID><Version>0</Version><Level>0</Level><Task>12545</Task><Opcode>0</Opcode><Keywords>0x8020000000000000</Keywords><TimeCreated SystemTime='2016-08-18T07:23:44.533200000Z'/><EventRecordID>10809509</EventRecordID><Correlation/><Execution ProcessID='468' ThreadID='3804'/><Channel>Security</Channel><Computer>win-2k08-dc1.Eyalcorp.Javelin</Computer><Security/></System><EventData><Data Name='TargetUserSid'>S-1-5-18</Data><Data Name='TargetUserName'>WIN-2K08-DC1$</Data><Data Name='TargetDomainName'>EYALCORP</Data><Data Name='TargetLogonId'>0x3624c887</Data><Data Name='LogonType'>3</Data></EventData></Event><Event xmlns='http://schemas.microsoft.com/win/2004/08/events/event'><System><Provider Name='Microsoft-Windows-Security-Auditing' Guid='{54849625-5478-4994-A5BA-3E3B0328C30D}'/><EventID>4624</EventID><Version>0</Version><Level>0</Level><Task>12544</Task><Opcode>0</Opcode><Keywords>0x8020000000000000</Keywords><TimeCreated SystemTime='2016-08-18T07:23:44.502000000Z'/><EventRecordID>10809508</EventRecordID><Correlation/><Execution ProcessID='468' ThreadID='2388'/><Channel>Security</Channel><Computer>win-2k08-dc1.Eyalcorp.Javelin</Computer><Security/></System><EventData><Data Name='SubjectUserSid'>S-1-0-0</Data><Data Name='SubjectUserName'>-</Data><Data Name='SubjectDomainName'>-</Data><Data Name='SubjectLogonId'>0x0</Data><Data Name='TargetUserSid'>S-1-5-18</Data><Data Name='TargetUserName'>WIN-2K08-DC1$</Data><Data Name='TargetDomainName'>EYALCORP</Data><Data Name='TargetLogonId'>0x3624c8af</Data><Data Name='LogonType'>3</Data><Data Name='LogonProcessName'>Kerberos</Data><Data Name='AuthenticationPackageName'>Kerberos</Data><Data Name='WorkstationName'></Data><Data Name='LogonGuid'>{B8BF0A16-AED4-9EC0-9530-8C7230B61B61}</Data><Data Name='TransmittedServices'>-</Data><Data Name='LmPackageName'>-</Data><Data Name='KeyLength'>0</Data><Data Name='ProcessId'>0x0</Data><Data Name='ProcessName'>-</Data><Data Name='IpAddress'>fe80::74b4:6e72:5401:30d</Data><Data Name='IpPort'>51379</Data></EventData></Event><Event xmlns='http://schemas.microsoft.com/win/2004/08/events/event'><System><Provider Name='Microsoft-Windows-Security-Auditing' Guid='{54849625-5478-4994-A5BA-3E3B0328C30D}'/><EventID>4672</EventID><Version>0</Version><Level>0</Level><Task>12548</Task><Opcode>0</Opcode><Keywords>0x8020000000000000</Keywords><TimeCreated SystemTime='2016-08-18T07:23:44.502000000Z'/><EventRecordID>10809507</EventRecordID><Correlation/><Execution ProcessID='468' ThreadID='2388'/><Channel>Security</Channel><Computer>win-2k08-dc1.Eyalcorp.Javelin</Computer><Security/></System><EventData><Data Name='SubjectUserSid'>S-1-5-18</Data><Data Name='SubjectUserName'>WIN-2K08-DC1$</Data><Data Name='SubjectDomainName'>EYALCORP</Data><Data Name='SubjectLogonId'>0x3624c8af</Data><Data Name='PrivilegeList'>SeSecurityPrivilege
			SeBackupPrivilege
			SeRestorePrivilege
			SeTakeOwnershipPrivilege
			SeDebugPrivilege
			SeSystemEnvironmentPrivilege
			SeLoadDriverPrivilege
			SeImpersonatePrivilege
			SeEnableDelegationPrivilege</Data></EventData></Event>